mode: atomic
github.com\hoenirvili\skapt\flag\flag.go:32.31,34.19 2 5
github.com\hoenirvili\skapt\flag\flag.go:37.2,37.18 1 5
github.com\hoenirvili\skapt\flag\flag.go:44.2,44.12 1 5
github.com\hoenirvili\skapt\flag\flag.go:34.19,36.3 1 3
github.com\hoenirvili\skapt\flag\flag.go:37.18,38.20 1 2
github.com\hoenirvili\skapt\flag\flag.go:41.3,41.23 1 2
github.com\hoenirvili\skapt\flag\flag.go:38.20,40.4 1 1
github.com\hoenirvili\skapt\flag\flag.go:50.32,51.35 1 11
github.com\hoenirvili\skapt\flag\flag.go:55.2,55.23 1 9
github.com\hoenirvili\skapt\flag\flag.go:59.2,59.12 1 8
github.com\hoenirvili\skapt\flag\flag.go:51.35,53.3 1 2
github.com\hoenirvili\skapt\flag\flag.go:55.23,57.3 1 1
github.com\hoenirvili\skapt\flag\flag.go:64.35,67.2 1 83
github.com\hoenirvili\skapt\flag\flags.go:13.42,14.25 1 6
github.com\hoenirvili\skapt\flag\flags.go:20.2,20.12 1 5
github.com\hoenirvili\skapt\flag\flags.go:14.25,15.41 1 22
github.com\hoenirvili\skapt\flag\flags.go:15.41,17.4 1 1
github.com\hoenirvili\skapt\flag\flags.go:24.33,26.12 2 4
github.com\hoenirvili\skapt\flag\flags.go:30.2,31.25 2 3
github.com\hoenirvili\skapt\flag\flags.go:43.2,43.24 1 1
github.com\hoenirvili\skapt\flag\flags.go:26.12,28.3 1 1
github.com\hoenirvili\skapt\flag\flags.go:31.25,32.41 1 5
github.com\hoenirvili\skapt\flag\flags.go:35.3,35.30 1 4
github.com\hoenirvili\skapt\flag\flags.go:32.41,34.4 1 1
github.com\hoenirvili\skapt\flag\flags.go:35.30,37.24 1 7
github.com\hoenirvili\skapt\flag\flags.go:37.24,39.5 1 1
github.com\hoenirvili\skapt\flag\flags.go:47.40,48.27 1 31
github.com\hoenirvili\skapt\flag\flags.go:53.2,53.12 1 9
github.com\hoenirvili\skapt\flag\flags.go:48.27,49.20 1 62
github.com\hoenirvili\skapt\flag\flags.go:49.20,51.4 1 22
github.com\hoenirvili\skapt\flag\flags.go:57.38,59.17 2 3
github.com\hoenirvili\skapt\flag\flags.go:63.2,63.23 1 2
github.com\hoenirvili\skapt\flag\flags.go:67.2,67.26 1 1
github.com\hoenirvili\skapt\flag\flags.go:59.17,61.3 1 1
github.com\hoenirvili\skapt\flag\flags.go:63.23,65.3 1 1
github.com\hoenirvili\skapt\flag\flags.go:71.36,73.17 2 3
github.com\hoenirvili\skapt\flag\flags.go:77.2,77.23 1 2
github.com\hoenirvili\skapt\flag\flags.go:81.2,81.25 1 1
github.com\hoenirvili\skapt\flag\flags.go:73.17,75.3 1 1
github.com\hoenirvili\skapt\flag\flags.go:77.23,79.3 1 1
github.com\hoenirvili\skapt\flag\flags.go:85.42,87.17 2 3
github.com\hoenirvili\skapt\flag\flags.go:91.2,91.23 1 2
github.com\hoenirvili\skapt\flag\flags.go:95.2,95.28 1 1
github.com\hoenirvili\skapt\flag\flags.go:87.17,89.3 1 1
github.com\hoenirvili\skapt\flag\flags.go:91.23,93.3 1 1
github.com\hoenirvili\skapt\flag\flags.go:100.55,101.20 1 14
github.com\hoenirvili\skapt\flag\flags.go:105.2,107.25 3 13
github.com\hoenirvili\skapt\flag\flags.go:166.2,166.46 1 6
github.com\hoenirvili\skapt\flag\flags.go:170.2,170.22 1 5
github.com\hoenirvili\skapt\flag\flags.go:101.20,103.3 1 1
github.com\hoenirvili\skapt\flag\flags.go:107.25,109.20 1 23
github.com\hoenirvili\skapt\flag\flags.go:113.3,117.10 2 20
github.com\hoenirvili\skapt\flag\flags.go:126.3,127.18 2 20
github.com\hoenirvili\skapt\flag\flags.go:132.3,132.20 1 15
github.com\hoenirvili\skapt\flag\flags.go:157.3,158.35 2 8
github.com\hoenirvili\skapt\flag\flags.go:162.3,162.17 1 8
github.com\hoenirvili\skapt\flag\flags.go:109.20,110.12 1 3
github.com\hoenirvili\skapt\flag\flags.go:118.32,119.37 1 6
github.com\hoenirvili\skapt\flag\flags.go:120.31,121.43 1 10
github.com\hoenirvili\skapt\flag\flags.go:122.11,123.17 1 4
github.com\hoenirvili\skapt\flag\flags.go:127.18,129.12 2 5
github.com\hoenirvili\skapt\flag\flags.go:133.22,134.19 1 7
github.com\hoenirvili\skapt\flag\flags.go:137.38,138.19 1 7
github.com\hoenirvili\skapt\flag\flags.go:143.4,143.15 1 5
github.com\hoenirvili\skapt\flag\flags.go:153.11,154.74 1 1
github.com\hoenirvili\skapt\flag\flags.go:134.19,136.5 1 1
github.com\hoenirvili\skapt\flag\flags.go:138.19,139.42 1 5
github.com\hoenirvili\skapt\flag\flags.go:139.42,141.6 1 2
github.com\hoenirvili\skapt\flag\flags.go:143.15,145.54 2 5
github.com\hoenirvili\skapt\flag\flags.go:151.5,151.8 1 2
github.com\hoenirvili\skapt\flag\flags.go:145.54,150.6 1 3
github.com\hoenirvili\skapt\flag\flags.go:158.35,160.4 1 0
github.com\hoenirvili\skapt\flag\flags.go:166.46,168.3 1 1
